  [4;36;1mSQL (0.3ms)[0m   [0;1m SELECT name
 FROM sqlite_master
 WHERE type = 'table' AND NOT name = 'sqlite_sequence'
[0m
  [4;35;1mSQL (0.2ms)[0m   [0mselect sqlite_version(*)[0m
  [4;36;1mSQL (1.2ms)[0m   [0;1mCREATE TABLE "schema_migrations" ("version" varchar(255) NOT NULL) [0m
  [4;35;1mSQL (1.2ms)[0m   [0mCREATE UNIQUE INDEX "unique_schema_migrations" ON "schema_migrations" ("version")[0m
  [4;36;1mSQL (0.2ms)[0m   [0;1m SELECT name
 FROM sqlite_master
 WHERE type = 'table' AND NOT name = 'sqlite_sequence'
[0m
  [4;35;1mSQL (0.1ms)[0m   [0mSELECT version FROM schema_migrations[0m
Migrating to CreateArticles (20091116134108)
  [4;36;1mSQL (0.5ms)[0m   [0;1mCREATE TABLE "articles" ("id" INTEGER PRIMARY KEY AUTOINCREMENT NOT NULL, "title" varchar(255), "content" text, "created_at" datetime, "updated_at" datetime) [0m
  [4;35;1mSQL (0.1ms)[0m   [0mINSERT INTO schema_migrations (version) VALUES ('20091116134108')[0m
  [4;36;1mSQL (0.4ms)[0m   [0;1m SELECT name
 FROM sqlite_master
 WHERE type = 'table' AND NOT name = 'sqlite_sequence'
[0m
  [4;35;1mSQL (0.4ms)[0m   [0mSELECT version FROM schema_migrations[0m
  [4;36;1mSQL (0.2ms)[0m   [0;1m SELECT name
 FROM sqlite_master
 WHERE type = 'table' AND NOT name = 'sqlite_sequence'
[0m
  [4;35;1mSQL (0.1ms)[0m   [0mPRAGMA index_list("articles")[0m


Processing ArticlesController#index (for ::1 at 2009-11-16 21:48:44) [GET]
  [4;36;1mArticle Load (0.4ms)[0m   [0;1mSELECT * FROM "articles" [0m
Rendering template within layouts/articles
Rendering articles/index
Completed in 44ms (View: 40, DB: 0) | 200 OK [http://localhost/]


Processing ArticlesController#index (for ::1 at 2009-11-16 22:29:54) [GET]
  [4;36;1mArticle Load (0.5ms)[0m   [0;1mSELECT * FROM "articles" [0m
Rendering template within layouts/application
Rendering articles/index
Completed in 23ms (View: 19, DB: 0) | 200 OK [http://localhost/]


Processing ArticlesController#index (for ::1 at 2009-11-16 22:34:17) [GET]
  [4;35;1mArticle Load (0.3ms)[0m   [0mSELECT * FROM "articles" [0m
Rendering template within layouts/application
Rendering articles/index
Completed in 9ms (View: 5, DB: 0) | 200 OK [http://localhost/]


Processing ArticlesController#index (for ::1 at 2009-11-16 22:34:18) [GET]
  [4;36;1mArticle Load (0.4ms)[0m   [0;1mSELECT * FROM "articles" [0m
Rendering template within layouts/application
Rendering articles/index
Completed in 6ms (View: 1, DB: 0) | 200 OK [http://localhost/]


Processing ArticlesController#index (for ::1 at 2009-11-16 22:34:19) [GET]
  [4;35;1mArticle Load (0.3ms)[0m   [0mSELECT * FROM "articles" [0m
Rendering template within layouts/application
Rendering articles/index
Completed in 6ms (View: 1, DB: 0) | 200 OK [http://localhost/]


Processing ArticlesController#index (for ::1 at 2009-11-16 22:34:19) [GET]
  [4;36;1mArticle Load (0.3ms)[0m   [0;1mSELECT * FROM "articles" [0m
Rendering template within layouts/application
Rendering articles/index
Completed in 5ms (View: 1, DB: 0) | 200 OK [http://localhost/]


Processing ArticlesController#index (for ::1 at 2009-11-16 22:34:19) [GET]
  [4;35;1mArticle Load (0.5ms)[0m   [0mSELECT * FROM "articles" [0m
Rendering template within layouts/application
Rendering articles/index
Completed in 7ms (View: 1, DB: 0) | 200 OK [http://localhost/]


Processing ArticlesController#index (for ::1 at 2009-11-16 22:34:20) [GET]
  [4;36;1mArticle Load (0.3ms)[0m   [0;1mSELECT * FROM "articles" [0m
Rendering template within layouts/application
Rendering articles/index
Completed in 5ms (View: 1, DB: 0) | 200 OK [http://localhost/]


Processing ArticlesController#index (for ::1 at 2009-11-16 22:34:20) [GET]
  [4;35;1mArticle Load (0.4ms)[0m   [0mSELECT * FROM "articles" [0m
Rendering template within layouts/application
Rendering articles/index
Completed in 6ms (View: 1, DB: 0) | 200 OK [http://localhost/]


Processing ArticlesController#index (for ::1 at 2009-11-16 22:34:21) [GET]
  [4;36;1mArticle Load (0.3ms)[0m   [0;1mSELECT * FROM "articles" [0m
Rendering template within layouts/application
Rendering articles/index
Completed in 6ms (View: 1, DB: 0) | 200 OK [http://localhost/]


Processing ArticlesController#index (for ::1 at 2009-11-16 22:35:03) [GET]
  [4;35;1mArticle Load (0.3ms)[0m   [0mSELECT * FROM "articles" [0m
Rendering template within layouts/application
Rendering articles/index
Completed in 46ms (View: 1, DB: 0) | 200 OK [http://localhost/]


Processing ArticlesController#index (for ::1 at 2009-11-16 22:35:04) [GET]
  [4;36;1mArticle Load (0.3ms)[0m   [0;1mSELECT * FROM "articles" [0m
Rendering template within layouts/application
Rendering articles/index
Completed in 6ms (View: 1, DB: 0) | 200 OK [http://localhost/]


Processing ArticlesController#index (for ::1 at 2009-11-16 22:35:05) [GET]
  [4;35;1mArticle Load (0.3ms)[0m   [0mSELECT * FROM "articles" [0m
Rendering template within layouts/application
Rendering articles/index
Completed in 7ms (View: 1, DB: 0) | 200 OK [http://localhost/]


Processing ArticlesController#index (for ::1 at 2009-11-16 22:35:05) [GET]
  [4;36;1mArticle Load (0.3ms)[0m   [0;1mSELECT * FROM "articles" [0m
Rendering template within layouts/application
Rendering articles/index
Completed in 5ms (View: 1, DB: 0) | 200 OK [http://localhost/]


Processing ArticlesController#index (for ::1 at 2009-11-16 22:35:05) [GET]
  [4;35;1mArticle Load (0.3ms)[0m   [0mSELECT * FROM "articles" [0m
Rendering template within layouts/application
Rendering articles/index
Completed in 5ms (View: 1, DB: 0) | 200 OK [http://localhost/]


Processing ArticlesController#index (for ::1 at 2009-11-16 22:35:06) [GET]
  [4;36;1mArticle Load (0.3ms)[0m   [0;1mSELECT * FROM "articles" [0m
Rendering template within layouts/application
Rendering articles/index
Completed in 7ms (View: 1, DB: 0) | 200 OK [http://localhost/]


Processing ArticlesController#index (for ::1 at 2009-11-16 22:35:06) [GET]
  [4;35;1mArticle Load (0.4ms)[0m   [0mSELECT * FROM "articles" [0m
Rendering template within layouts/application
Rendering articles/index
Completed in 7ms (View: 2, DB: 0) | 200 OK [http://localhost/]


Processing ArticlesController#index (for ::1 at 2009-11-16 22:35:39) [GET]
  [4;36;1mArticle Load (0.3ms)[0m   [0;1mSELECT * FROM "articles" [0m
Rendering template within layouts/application
Rendering articles/index
Completed in 5ms (View: 1, DB: 0) | 200 OK [http://localhost/]


Processing ArticlesController#index (for ::1 at 2009-11-16 22:35:59) [GET]
  [4;35;1mArticle Load (0.3ms)[0m   [0mSELECT * FROM "articles" [0m
Rendering template within layouts/application
Rendering articles/index
Completed in 7ms (View: 1, DB: 0) | 200 OK [http://localhost/]


Processing ArticlesController#index (for ::1 at 2009-11-16 22:36:12) [GET]
  [4;36;1mArticle Load (0.3ms)[0m   [0;1mSELECT * FROM "articles" [0m
Rendering template within layouts/application
Rendering articles/index
Completed in 8ms (View: 1, DB: 0) | 200 OK [http://localhost/]


Processing ArticlesController#index (for ::1 at 2009-11-16 22:36:28) [GET]
  [4;35;1mArticle Load (0.4ms)[0m   [0mSELECT * FROM "articles" [0m
Rendering template within layouts/application
Rendering articles/index
Completed in 6ms (View: 1, DB: 0) | 200 OK [http://localhost/]


Processing ArticlesController#new (for ::1 at 2009-11-16 22:36:40) [GET]
Rendering template within layouts/application
Rendering articles/new
Completed in 18ms (View: 14, DB: 0) | 200 OK [http://localhost/articles/new]


Processing ArticlesController#index (for ::1 at 2009-11-16 22:36:44) [GET]
  [4;36;1mArticle Load (0.3ms)[0m   [0;1mSELECT * FROM "articles" [0m
Rendering template within layouts/application
Rendering articles/index
Completed in 5ms (View: 1, DB: 0) | 200 OK [http://localhost/articles]


Processing ArticlesController#index (for ::1 at 2009-11-16 22:41:36) [GET]
  [4;35;1mArticle Load (0.3ms)[0m   [0mSELECT * FROM "articles" [0m
Rendering template within layouts/application
Rendering articles/index
Completed in 9ms (View: 5, DB: 0) | 200 OK [http://localhost/articles]


Processing ArticlesController#index (for ::1 at 2009-11-16 22:41:37) [GET]
  [4;36;1mArticle Load (0.3ms)[0m   [0;1mSELECT * FROM "articles" [0m
Rendering template within layouts/application
Rendering articles/index
Completed in 5ms (View: 1, DB: 0) | 200 OK [http://localhost/articles]


Processing ArticlesController#new (for ::1 at 2009-11-16 22:41:39) [GET]
Rendering template within layouts/application
Rendering articles/new
Completed in 8ms (View: 4, DB: 0) | 200 OK [http://localhost/articles/new]


Processing ArticlesController#create (for ::1 at 2009-11-16 22:41:54) [POST]
  Parameters: {"article"=>{"title"=>"This is My first article", "content"=>"jkljkl;nnkl;\r\njhik;jl;jn\r\njkl"}, "commit"=>"Create", "authenticity_token"=>"lj83vGZsH15E7aunovf/JKLJHQmvZ4/2P/xqHIKq2Z0="}
  [4;35;1mArticle Create (0.5ms)[0m   [0mINSERT INTO "articles" ("created_at", "title", "updated_at", "content") VALUES('2009-11-16 14:41:54', 'This is My first article', '2009-11-16 14:41:54', 'jkljkl;nnkl;
jhik;jl;jn
jkl')[0m
Redirected to http://localhost:3000/articles/1
Completed in 11ms (DB: 1) | 302 Found [http://localhost/articles]


Processing ArticlesController#show (for ::1 at 2009-11-16 22:41:54) [GET]
  Parameters: {"id"=>"1"}
  [4;36;1mArticle Load (0.2ms)[0m   [0;1mSELECT * FROM "articles" WHERE ("articles"."id" = 1) [0m
Rendering template within layouts/application
Rendering articles/show
Completed in 10ms (View: 6, DB: 0) | 200 OK [http://localhost/articles/1]


Processing ArticlesController#index (for ::1 at 2009-11-16 22:41:56) [GET]
  [4;35;1mArticle Load (0.5ms)[0m   [0mSELECT * FROM "articles" [0m
Rendering template within layouts/application
Rendering articles/index
Completed in 10ms (View: 6, DB: 0) | 200 OK [http://localhost/articles]


Processing ArticlesController#index (for ::1 at 2009-11-16 22:43:06) [GET]
  [4;36;1mArticle Load (0.4ms)[0m   [0;1mSELECT * FROM "articles" [0m
Rendering template within layouts/application
Rendering articles/index
Completed in 55ms (View: 10, DB: 0) | 200 OK [http://localhost/articles]


Processing ArticlesController#index (for ::1 at 2009-11-16 22:43:07) [GET]
  [4;35;1mArticle Load (0.5ms)[0m   [0mSELECT * FROM "articles" [0m
Rendering template within layouts/application
Rendering articles/index
Completed in 11ms (View: 7, DB: 0) | 200 OK [http://localhost/articles]


Processing ArticlesController#index (for ::1 at 2009-11-16 22:43:31) [GET]
  [4;36;1mArticle Load (0.6ms)[0m   [0;1mSELECT * FROM "articles" [0m
Rendering template within layouts/application
Rendering articles/index
Completed in 15ms (View: 10, DB: 1) | 200 OK [http://localhost/articles]


Processing ArticlesController#index (for ::1 at 2009-11-16 22:43:33) [GET]
  [4;35;1mArticle Load (0.4ms)[0m   [0mSELECT * FROM "articles" [0m
Rendering template within layouts/application
Rendering articles/index
Completed in 12ms (View: 6, DB: 0) | 200 OK [http://localhost/articles]


Processing ArticlesController#new (for ::1 at 2009-11-16 22:43:36) [GET]
Rendering template within layouts/application
Rendering articles/new
Completed in 8ms (View: 4, DB: 0) | 200 OK [http://localhost/articles/new]


Processing ArticlesController#create (for ::1 at 2009-11-16 22:44:06) [POST]
  Parameters: {"article"=>{"title"=>"ç¬¬2ç¯‡æ–‡ç« ", "content"=>"ä»Šå¤©è©¦è‘—å°‡å…©å€‹æ‰‹é ­ä¸Šå·²ç¶“æ²’åœ¨å¯†é›†ç¶­è­·ä½†å¶æœ‰æµé‡çš„ç¶²ç«™ç§»æ¤åˆ°Herokuä¸Šä¾†é™ä½Žç¶­è­·çš„æˆæœ¬ï¼ŒéŽç¨‹ä¸­ç›¸ç•¶è¼•é¬†åœ°å°‡å°ˆæ¡ˆç„¡ç—›è½‰ç§»åˆ°Herokuä¹‹å¤–ï¼Œé€£è³‡æ–™éƒ½ä¸€èµ·é †åˆ©è½‰ç§»éŽåŽ»äº†ï¼Œä»¥ä¸‹æ˜¯è½‰ç§»æ­¥é©Ÿçš„ç°¡ä»‹ã€‚\r\n\r\n   1. å°‡å°ˆæ¡ˆç´å…¥gitç‰ˆæœ¬æŽ§ç®¡ä¸­ï¼ŒæŒ‡ä»¤æ˜¯git init\r\n   2. å»ºç«‹ä¸€å€‹æ–°çš„Herokuç©ºé–“ï¼ŒæŒ‡ä»¤æ˜¯heroku createæˆ–æ˜¯heroku create YOUR_APP_NAME\r\n   3. åœ¨config/environment.rbåŠ ä¸Š$KCODE='u'ï¼ˆé¿å…ä¸­æ–‡ç·¨ç¢¼å•é¡Œï¼Œæˆ‘æ˜¯åŠ åœ¨ç¬¬ä¸€è¡Œï¼‰\r\n   4. å°‡æ‰€æœ‰æª”æ¡ˆä¸Ÿåˆ°Herokuä¸Šï¼šgit add . ; git commit -a -m \"deploy to Heroku\" ; git push heroku master\r\n\r\næ­¥é©Ÿå…¶å¯¦å¾ˆç°¡å–®ï¼Œå®˜æ–¹æ–‡ä»¶ä¸Šæ‡‰è©²ä¹Ÿèƒ½æ‰¾åˆ°æ›´è©³ç›¡çš„æ•™å­¸ï¼Œå¦å¤–è¦æ³¨æ„çš„æ˜¯ï¼Œå¦‚æžœæ‚¨çš„å°ˆæ¡ˆæ“æœ‰è‡ªå·±çš„ç¶²å€ï¼Œå¸Œæœ›èƒ½ä¸€ä½µæŒ‡åˆ°Herokuï¼Œé‚„éœ€è¦æ³¨æ„ä¸‹åˆ—äº‹é …ï¼š"}, "commit"=>"Create", "authenticity_token"=>"lj83vGZsH15E7aunovf/JKLJHQmvZ4/2P/xqHIKq2Z0="}
  [4;36;1mArticle Create (0.3ms)[0m   [0;1mINSERT INTO "articles" ("created_at", "title", "updated_at", "content") VALUES('2009-11-16 14:44:06', 'ç¬¬2ç¯‡æ–‡ç« ', '2009-11-16 14:44:06', 'ä»Šå¤©è©¦è‘—å°‡å…©å€‹æ‰‹é ­ä¸Šå·²ç¶“æ²’åœ¨å¯†é›†ç¶­è­·ä½†å¶æœ‰æµé‡çš„ç¶²ç«™ç§»æ¤åˆ°Herokuä¸Šä¾†é™ä½Žç¶­è­·çš„æˆæœ¬ï¼ŒéŽç¨‹ä¸­ç›¸ç•¶è¼•é¬†åœ°å°‡å°ˆæ¡ˆç„¡ç—›è½‰ç§»åˆ°Herokuä¹‹å¤–ï¼Œé€£è³‡æ–™éƒ½ä¸€èµ·é †åˆ©è½‰ç§»éŽåŽ»äº†ï¼Œä»¥ä¸‹æ˜¯è½‰ç§»æ­¥é©Ÿçš„ç°¡ä»‹ã€‚

 1. å°‡å°ˆæ¡ˆç´å…¥gitç‰ˆæœ¬æŽ§ç®¡ä¸­ï¼ŒæŒ‡ä»¤æ˜¯git init
 2. å»ºç«‹ä¸€å€‹æ–°çš„Herokuç©ºé–“ï¼ŒæŒ‡ä»¤æ˜¯heroku createæˆ–æ˜¯heroku create YOUR_APP_NAME
 3. åœ¨config/environment.rbåŠ ä¸Š$KCODE=''u''ï¼ˆé¿å…ä¸­æ–‡ç·¨ç¢¼å•é¡Œï¼Œæˆ‘æ˜¯åŠ åœ¨ç¬¬ä¸€è¡Œï¼‰
 4. å°‡æ‰€æœ‰æª”æ¡ˆä¸Ÿåˆ°Herokuä¸Šï¼šgit add . ; git commit -a -m "deploy to Heroku" ; git push heroku master

æ­¥é©Ÿå…¶å¯¦å¾ˆç°¡å–®ï¼Œå®˜æ–¹æ–‡ä»¶ä¸Šæ‡‰è©²ä¹Ÿèƒ½æ‰¾åˆ°æ›´è©³ç›¡çš„æ•™å­¸ï¼Œå¦å¤–è¦æ³¨æ„çš„æ˜¯ï¼Œå¦‚æžœæ‚¨çš„å°ˆæ¡ˆæ“æœ‰è‡ªå·±çš„ç¶²å€ï¼Œå¸Œæœ›èƒ½ä¸€ä½µæŒ‡åˆ°Herokuï¼Œé‚„éœ€è¦æ³¨æ„ä¸‹åˆ—äº‹é …ï¼š')[0m
Redirected to http://localhost:3000/articles/2
Completed in 9ms (DB: 0) | 302 Found [http://localhost/articles]


Processing ArticlesController#show (for ::1 at 2009-11-16 22:44:06) [GET]
  Parameters: {"id"=>"2"}
  [4;35;1mArticle Load (0.2ms)[0m   [0mSELECT * FROM "articles" WHERE ("articles"."id" = 2) [0m
Rendering template within layouts/application
Rendering articles/show
Completed in 7ms (View: 2, DB: 0) | 200 OK [http://localhost/articles/2]


Processing ArticlesController#index (for ::1 at 2009-11-16 22:44:12) [GET]
  [4;36;1mArticle Load (0.5ms)[0m   [0;1mSELECT * FROM "articles" [0m
Rendering template within layouts/application
Rendering articles/index
Completed in 14ms (View: 10, DB: 1) | 200 OK [http://localhost/articles]


Processing ArticlesController#index (for ::1 at 2009-11-16 22:45:11) [GET]
  [4;35;1mArticle Load (0.4ms)[0m   [0mSELECT * FROM "articles" [0m
Rendering template within layouts/application
Rendering articles/index
Completed in 17ms (View: 13, DB: 0) | 200 OK [http://localhost/articles]


Processing ArticlesController#index (for ::1 at 2009-11-16 22:46:45) [GET]
  [4;36;1mArticle Load (0.4ms)[0m   [0;1mSELECT * FROM "articles" [0m
Rendering template within layouts/application
Rendering articles/index
Completed in 13ms (View: 10, DB: 0) | 200 OK [http://localhost/articles]


Processing ArticlesController#index (for ::1 at 2009-11-16 22:46:46) [GET]
  [4;35;1mArticle Load (0.5ms)[0m   [0mSELECT * FROM "articles" [0m
Rendering template within layouts/application
Rendering articles/index
Completed in 14ms (View: 10, DB: 0) | 200 OK [http://localhost/articles]


Processing ArticlesController#index (for ::1 at 2009-11-16 22:46:47) [GET]
  [4;36;1mArticle Load (0.5ms)[0m   [0;1mSELECT * FROM "articles" [0m
Rendering template within layouts/application
Rendering articles/index
Completed in 14ms (View: 10, DB: 1) | 200 OK [http://localhost/articles]


Processing ArticlesController#index (for ::1 at 2009-11-16 22:46:48) [GET]
  [4;35;1mArticle Load (0.4ms)[0m   [0mSELECT * FROM "articles" [0m
Rendering template within layouts/application
Rendering articles/index
Completed in 13ms (View: 10, DB: 0) | 200 OK [http://localhost/articles]


Processing ArticlesController#index (for ::1 at 2009-11-16 22:46:48) [GET]
  [4;36;1mArticle Load (0.5ms)[0m   [0;1mSELECT * FROM "articles" [0m
Rendering template within layouts/application
Rendering articles/index
Completed in 51ms (View: 47, DB: 0) | 200 OK [http://localhost/articles]


Processing ArticlesController#index (for ::1 at 2009-11-16 22:46:49) [GET]
  [4;35;1mArticle Load (0.5ms)[0m   [0mSELECT * FROM "articles" [0m
Rendering template within layouts/application
Rendering articles/index
Completed in 13ms (View: 10, DB: 0) | 200 OK [http://localhost/articles]


Processing ArticlesController#index (for ::1 at 2009-11-16 22:47:09) [GET]
  [4;36;1mArticle Load (0.5ms)[0m   [0;1mSELECT * FROM "articles" [0m
Rendering template within layouts/application
Rendering articles/index
Completed in 14ms (View: 10, DB: 0) | 200 OK [http://localhost/articles]


Processing ArticlesController#index (for ::1 at 2009-11-16 22:48:02) [GET]
  [4;35;1mArticle Load (0.4ms)[0m   [0mSELECT * FROM "articles" [0m
Rendering template within layouts/application
Rendering articles/index
Completed in 14ms (View: 10, DB: 0) | 200 OK [http://localhost/articles]


Processing ArticlesController#index (for ::1 at 2009-11-16 22:48:30) [GET]
  [4;36;1mArticle Load (0.5ms)[0m   [0;1mSELECT * FROM "articles" [0m
Rendering template within layouts/application
Rendering articles/index
Completed in 53ms (View: 49, DB: 0) | 200 OK [http://localhost/articles]


Processing ArticlesController#index (for ::1 at 2009-11-16 22:48:31) [GET]
  [4;35;1mArticle Load (0.5ms)[0m   [0mSELECT * FROM "articles" [0m
Rendering template within layouts/application
Rendering articles/index
Completed in 14ms (View: 10, DB: 0) | 200 OK [http://localhost/articles]


Processing ArticlesController#index (for ::1 at 2009-11-16 22:48:55) [GET]
  [4;36;1mArticle Load (0.4ms)[0m   [0;1mSELECT * FROM "articles" [0m
Rendering template within layouts/application
Rendering articles/index
Completed in 14ms (View: 10, DB: 0) | 200 OK [http://localhost/articles]


Processing ArticlesController#index (for ::1 at 2009-11-16 22:49:34) [GET]
  [4;35;1mArticle Load (0.4ms)[0m   [0mSELECT * FROM "articles" [0m
Rendering template within layouts/application
Rendering articles/index
Completed in 13ms (View: 9, DB: 0) | 200 OK [http://localhost/articles]


Processing ArticlesController#index (for ::1 at 2009-11-16 22:49:36) [GET]
  [4;36;1mArticle Load (0.5ms)[0m   [0;1mSELECT * FROM "articles" [0m
Rendering template within layouts/application
Rendering articles/index
Completed in 14ms (View: 10, DB: 0) | 200 OK [http://localhost/articles]


Processing ArticlesController#index (for ::1 at 2009-11-16 22:49:36) [GET]
  [4;35;1mArticle Load (0.4ms)[0m   [0mSELECT * FROM "articles" [0m
Rendering template within layouts/application
Rendering articles/index
Completed in 14ms (View: 10, DB: 0) | 200 OK [http://localhost/articles]


Processing ArticlesController#index (for ::1 at 2009-11-16 22:49:37) [GET]
  [4;36;1mArticle Load (0.5ms)[0m   [0;1mSELECT * FROM "articles" [0m
Rendering template within layouts/application
Rendering articles/index
Completed in 14ms (View: 10, DB: 0) | 200 OK [http://localhost/articles]


Processing ArticlesController#index (for ::1 at 2009-11-16 22:49:37) [GET]
  [4;35;1mArticle Load (0.5ms)[0m   [0mSELECT * FROM "articles" [0m
Rendering template within layouts/application
Rendering articles/index
Completed in 16ms (View: 12, DB: 1) | 200 OK [http://localhost/articles]


Processing ArticlesController#index (for ::1 at 2009-11-16 22:49:37) [GET]
  [4;36;1mArticle Load (0.5ms)[0m   [0;1mSELECT * FROM "articles" [0m
Rendering template within layouts/application
Rendering articles/index
Completed in 14ms (View: 10, DB: 0) | 200 OK [http://localhost/articles]


Processing ArticlesController#index (for ::1 at 2009-11-16 22:49:37) [GET]
  [4;35;1mArticle Load (0.5ms)[0m   [0mSELECT * FROM "articles" [0m
Rendering template within layouts/application
Rendering articles/index
Completed in 13ms (View: 10, DB: 0) | 200 OK [http://localhost/articles]


Processing ArticlesController#index (for ::1 at 2009-11-16 22:49:38) [GET]
  [4;36;1mArticle Load (0.5ms)[0m   [0;1mSELECT * FROM "articles" [0m
Rendering template within layouts/application
Rendering articles/index
Completed in 13ms (View: 9, DB: 0) | 200 OK [http://localhost/articles]


Processing ArticlesController#index (for ::1 at 2009-11-16 22:49:38) [GET]
  [4;35;1mArticle Load (0.4ms)[0m   [0mSELECT * FROM "articles" [0m
Rendering template within layouts/application
Rendering articles/index
Completed in 50ms (View: 46, DB: 0) | 200 OK [http://localhost/articles]


Processing ArticlesController#index (for ::1 at 2009-11-16 22:49:39) [GET]
  [4;36;1mArticle Load (0.5ms)[0m   [0;1mSELECT * FROM "articles" [0m
Rendering template within layouts/application
Rendering articles/index
Completed in 14ms (View: 10, DB: 0) | 200 OK [http://localhost/articles]


Processing ArticlesController#index (for ::1 at 2009-11-16 22:50:05) [GET]
  [4;35;1mArticle Load (0.4ms)[0m   [0mSELECT * FROM "articles" [0m
Rendering template within layouts/application
Rendering articles/index
Completed in 14ms (View: 10, DB: 0) | 200 OK [http://localhost/articles]


Processing ArticlesController#index (for ::1 at 2009-11-16 22:50:06) [GET]
  [4;36;1mArticle Load (0.5ms)[0m   [0;1mSELECT * FROM "articles" [0m
Rendering template within layouts/application
Rendering articles/index
Completed in 14ms (View: 10, DB: 0) | 200 OK [http://localhost/articles]


Processing ArticlesController#index (for ::1 at 2009-11-16 22:50:07) [GET]
  [4;35;1mArticle Load (0.4ms)[0m   [0mSELECT * FROM "articles" [0m
Rendering template within layouts/application
Rendering articles/index
Completed in 52ms (View: 48, DB: 0) | 200 OK [http://localhost/articles]


Processing ArticlesController#index (for ::1 at 2009-11-16 22:50:07) [GET]
  [4;36;1mArticle Load (0.6ms)[0m   [0;1mSELECT * FROM "articles" [0m
Rendering template within layouts/application
Rendering articles/index
Completed in 14ms (View: 10, DB: 1) | 200 OK [http://localhost/articles]


Processing ArticlesController#index (for ::1 at 2009-11-16 22:50:44) [GET]
  [4;35;1mArticle Load (0.5ms)[0m   [0mSELECT * FROM "articles" [0m
Rendering template within layouts/application
Rendering articles/index
Completed in 14ms (View: 10, DB: 0) | 200 OK [http://localhost/articles]


Processing ArticlesController#index (for ::1 at 2009-11-16 22:50:45) [GET]
  [4;36;1mArticle Load (0.5ms)[0m   [0;1mSELECT * FROM "articles" [0m
Rendering template within layouts/application
Rendering articles/index
Completed in 13ms (View: 10, DB: 0) | 200 OK [http://localhost/articles]


Processing ArticlesController#index (for ::1 at 2009-11-16 22:50:46) [GET]
  [4;35;1mArticle Load (0.5ms)[0m   [0mSELECT * FROM "articles" [0m
Rendering template within layouts/application
Rendering articles/index
Completed in 14ms (View: 10, DB: 0) | 200 OK [http://localhost/articles]


Processing ArticlesController#index (for ::1 at 2009-11-16 22:50:46) [GET]
  [4;36;1mArticle Load (0.5ms)[0m   [0;1mSELECT * FROM "articles" [0m
Rendering template within layouts/application
Rendering articles/index
Completed in 17ms (View: 12, DB: 1) | 200 OK [http://localhost/articles]


Processing ArticlesController#index (for ::1 at 2009-11-16 22:50:46) [GET]
  [4;35;1mArticle Load (0.5ms)[0m   [0mSELECT * FROM "articles" [0m
Rendering template within layouts/application
Rendering articles/index
Completed in 14ms (View: 10, DB: 0) | 200 OK [http://localhost/articles]


Processing ArticlesController#index (for ::1 at 2009-11-16 22:51:08) [GET]
  [4;36;1mArticle Load (0.4ms)[0m   [0;1mSELECT * FROM "articles" [0m
Rendering template within layouts/application
Rendering articles/index
Completed in 14ms (View: 10, DB: 0) | 200 OK [http://localhost/articles]


Processing ArticlesController#index (for ::1 at 2009-11-16 22:51:10) [GET]
  [4;35;1mArticle Load (0.5ms)[0m   [0mSELECT * FROM "articles" [0m
Rendering template within layouts/application
Rendering articles/index
Completed in 14ms (View: 10, DB: 0) | 200 OK [http://localhost/articles]


Processing ArticlesController#index (for ::1 at 2009-11-16 22:51:10) [GET]
  [4;36;1mArticle Load (0.5ms)[0m   [0;1mSELECT * FROM "articles" [0m
Rendering template within layouts/application
Rendering articles/index
Completed in 14ms (View: 10, DB: 0) | 200 OK [http://localhost/articles]


Processing ArticlesController#index (for ::1 at 2009-11-16 22:51:10) [GET]
  [4;35;1mArticle Load (0.5ms)[0m   [0mSELECT * FROM "articles" [0m
Rendering template within layouts/application
Rendering articles/index
Completed in 14ms (View: 10, DB: 0) | 200 OK [http://localhost/articles]


Processing ArticlesController#index (for ::1 at 2009-11-16 22:51:10) [GET]
  [4;36;1mArticle Load (0.6ms)[0m   [0;1mSELECT * FROM "articles" [0m
Rendering template within layouts/application
Rendering articles/index
Completed in 63ms (View: 56, DB: 1) | 200 OK [http://localhost/articles]


Processing ArticlesController#index (for ::1 at 2009-11-16 22:51:10) [GET]
  [4;35;1mArticle Load (0.5ms)[0m   [0mSELECT * FROM "articles" [0m
Rendering template within layouts/application
Rendering articles/index
Completed in 14ms (View: 10, DB: 0) | 200 OK [http://localhost/articles]


Processing ArticlesController#index (for ::1 at 2009-11-16 22:51:23) [GET]
  [4;36;1mArticle Load (0.4ms)[0m   [0;1mSELECT * FROM "articles" [0m
Rendering template within layouts/application
Rendering articles/index
Completed in 14ms (View: 10, DB: 0) | 200 OK [http://localhost/articles]


Processing ArticlesController#index (for ::1 at 2009-11-16 22:51:25) [GET]
  [4;35;1mArticle Load (0.5ms)[0m   [0mSELECT * FROM "articles" [0m
Rendering template within layouts/application
Rendering articles/index
Completed in 14ms (View: 10, DB: 0) | 200 OK [http://localhost/articles]


Processing ArticlesController#index (for ::1 at 2009-11-16 22:51:25) [GET]
  [4;36;1mArticle Load (0.6ms)[0m   [0;1mSELECT * FROM "articles" [0m
Rendering template within layouts/application
Rendering articles/index
Completed in 53ms (View: 49, DB: 1) | 200 OK [http://localhost/articles]


Processing ArticlesController#index (for ::1 at 2009-11-16 22:51:26) [GET]
  [4;35;1mArticle Load (0.5ms)[0m   [0mSELECT * FROM "articles" [0m
Rendering template within layouts/application
Rendering articles/index
Completed in 16ms (View: 11, DB: 1) | 200 OK [http://localhost/articles]


Processing ArticlesController#index (for ::1 at 2009-11-16 22:51:26) [GET]
  [4;36;1mArticle Load (0.7ms)[0m   [0;1mSELECT * FROM "articles" [0m
Rendering template within layouts/application
Rendering articles/index
Completed in 17ms (View: 12, DB: 1) | 200 OK [http://localhost/articles]


Processing ArticlesController#index (for ::1 at 2009-11-16 22:51:26) [GET]
  [4;35;1mArticle Load (0.5ms)[0m   [0mSELECT * FROM "articles" [0m
Rendering template within layouts/application
Rendering articles/index
Completed in 14ms (View: 10, DB: 1) | 200 OK [http://localhost/articles]


Processing ArticlesController#index (for ::1 at 2009-11-16 22:51:26) [GET]
  [4;36;1mArticle Load (0.5ms)[0m   [0;1mSELECT * FROM "articles" [0m
Rendering template within layouts/application
Rendering articles/index
Completed in 54ms (View: 10, DB: 0) | 200 OK [http://localhost/articles]


Processing ArticlesController#index (for ::1 at 2009-11-16 22:51:26) [GET]
  [4;35;1mArticle Load (0.5ms)[0m   [0mSELECT * FROM "articles" [0m
Rendering template within layouts/application
Rendering articles/index
Completed in 17ms (View: 12, DB: 1) | 200 OK [http://localhost/articles]


Processing ArticlesController#index (for ::1 at 2009-11-16 22:51:27) [GET]
  [4;36;1mArticle Load (0.5ms)[0m   [0;1mSELECT * FROM "articles" [0m
Rendering template within layouts/application
Rendering articles/index
Completed in 13ms (View: 9, DB: 0) | 200 OK [http://localhost/articles]


Processing ArticlesController#index (for ::1 at 2009-11-16 22:51:27) [GET]
  [4;35;1mArticle Load (0.5ms)[0m   [0mSELECT * FROM "articles" [0m
Rendering template within layouts/application
Rendering articles/index
Completed in 14ms (View: 9, DB: 0) | 200 OK [http://localhost/articles]


Processing ArticlesController#index (for ::1 at 2009-11-16 22:51:27) [GET]
  [4;36;1mArticle Load (0.6ms)[0m   [0;1mSELECT * FROM "articles" [0m
Rendering template within layouts/application
Rendering articles/index
Completed in 15ms (View: 10, DB: 1) | 200 OK [http://localhost/articles]


Processing ArticlesController#index (for ::1 at 2009-11-16 22:51:28) [GET]
  [4;35;1mArticle Load (0.5ms)[0m   [0mSELECT * FROM "articles" [0m
Rendering template within layouts/application
Rendering articles/index
Completed in 14ms (View: 10, DB: 0) | 200 OK [http://localhost/articles]


Processing ArticlesController#index (for ::1 at 2009-11-16 22:51:30) [GET]
  [4;36;1mArticle Load (0.5ms)[0m   [0;1mSELECT * FROM "articles" [0m
Rendering template within layouts/application
Rendering articles/index
Completed in 14ms (View: 10, DB: 0) | 200 OK [http://localhost/articles]


Processing ArticlesController#index (for ::1 at 2009-11-16 22:51:30) [GET]
  [4;35;1mArticle Load (0.5ms)[0m   [0mSELECT * FROM "articles" [0m
Rendering template within layouts/application
Rendering articles/index
Completed in 13ms (View: 10, DB: 0) | 200 OK [http://localhost/articles]


Processing ArticlesController#index (for ::1 at 2009-11-16 22:51:30) [GET]
  [4;36;1mArticle Load (0.5ms)[0m   [0;1mSELECT * FROM "articles" [0m
Rendering template within layouts/application
Rendering articles/index
Completed in 14ms (View: 10, DB: 0) | 200 OK [http://localhost/articles]


Processing ArticlesController#index (for ::1 at 2009-11-16 22:51:30) [GET]
  [4;35;1mArticle Load (0.5ms)[0m   [0mSELECT * FROM "articles" [0m
Rendering template within layouts/application
Rendering articles/index
Completed in 16ms (View: 11, DB: 0) | 200 OK [http://localhost/articles]


Processing ArticlesController#index (for ::1 at 2009-11-16 22:53:00) [GET]
  [4;36;1mArticle Load (0.4ms)[0m   [0;1mSELECT * FROM "articles" [0m
Rendering template within layouts/application
Rendering articles/index
Completed in 14ms (View: 10, DB: 0) | 200 OK [http://localhost/articles]


Processing ArticlesController#index (for ::1 at 2009-11-16 22:54:18) [GET]
  [4;35;1mArticle Load (0.5ms)[0m   [0mSELECT * FROM "articles" [0m
Rendering template within layouts/application
Rendering articles/index
Completed in 52ms (View: 48, DB: 0) | 200 OK [http://localhost/articles]


Processing ArticlesController#index (for ::1 at 2009-11-16 22:54:20) [GET]
  [4;36;1mArticle Load (0.5ms)[0m   [0;1mSELECT * FROM "articles" [0m
Rendering template within layouts/application
Rendering articles/index
Completed in 14ms (View: 10, DB: 0) | 200 OK [http://localhost/articles]


Processing ArticlesController#index (for ::1 at 2009-11-16 22:54:21) [GET]
  [4;35;1mArticle Load (0.4ms)[0m   [0mSELECT * FROM "articles" [0m
Rendering template within layouts/application
Rendering articles/index
Completed in 14ms (View: 10, DB: 0) | 200 OK [http://localhost/articles]


Processing ArticlesController#index (for ::1 at 2009-11-16 22:54:21) [GET]
  [4;36;1mArticle Load (0.5ms)[0m   [0;1mSELECT * FROM "articles" [0m
Rendering template within layouts/application
Rendering articles/index
Completed in 17ms (View: 13, DB: 0) | 200 OK [http://localhost/articles]


Processing ArticlesController#index (for ::1 at 2009-11-16 22:54:22) [GET]
  [4;35;1mArticle Load (0.5ms)[0m   [0mSELECT * FROM "articles" [0m
Rendering template within layouts/application
Rendering articles/index
Completed in 15ms (View: 10, DB: 0) | 200 OK [http://localhost/articles]


Processing ArticlesController#index (for ::1 at 2009-11-16 22:54:23) [GET]
  [4;36;1mArticle Load (0.5ms)[0m   [0;1mSELECT * FROM "articles" [0m
Rendering template within layouts/application
Rendering articles/index
Completed in 17ms (View: 12, DB: 1) | 200 OK [http://localhost/articles]


Processing ArticlesController#index (for ::1 at 2009-11-16 22:54:23) [GET]
  [4;35;1mArticle Load (0.5ms)[0m   [0mSELECT * FROM "articles" [0m
Rendering template within layouts/application
Rendering articles/index
Completed in 13ms (View: 10, DB: 0) | 200 OK [http://localhost/articles]


Processing ArticlesController#index (for ::1 at 2009-11-16 22:59:04) [GET]
  [4;36;1mArticle Load (0.5ms)[0m   [0;1mSELECT * FROM "articles" [0m
Rendering template within layouts/application
Rendering articles/index
Completed in 13ms (View: 9, DB: 0) | 200 OK [http://localhost/articles]


Processing ArticlesController#index (for ::1 at 2009-11-16 22:59:06) [GET]
  [4;35;1mArticle Load (0.5ms)[0m   [0mSELECT * FROM "articles" [0m
Rendering template within layouts/application
Rendering articles/index
Completed in 14ms (View: 10, DB: 0) | 200 OK [http://localhost/articles]


Processing ArticlesController#index (for ::1 at 2009-11-16 22:59:07) [GET]
  [4;36;1mArticle Load (0.4ms)[0m   [0;1mSELECT * FROM "articles" [0m
Rendering template within layouts/application
Rendering articles/index
Completed in 14ms (View: 10, DB: 0) | 200 OK [http://localhost/articles]


Processing ArticlesController#index (for ::1 at 2009-11-16 22:59:07) [GET]
  [4;35;1mArticle Load (0.5ms)[0m   [0mSELECT * FROM "articles" [0m
Rendering template within layouts/application
Rendering articles/index
Completed in 14ms (View: 10, DB: 0) | 200 OK [http://localhost/articles]


Processing ArticlesController#index (for ::1 at 2009-11-16 22:59:24) [GET]
  [4;36;1mArticle Load (0.4ms)[0m   [0;1mSELECT * FROM "articles" [0m
Rendering template within layouts/application
Rendering articles/index
Completed in 15ms (View: 11, DB: 0) | 200 OK [http://localhost/articles]


Processing ArticlesController#index (for ::1 at 2009-11-16 22:59:43) [GET]
  [4;35;1mArticle Load (0.5ms)[0m   [0mSELECT * FROM "articles" [0m
Rendering template within layouts/application
Rendering articles/index
Completed in 14ms (View: 10, DB: 0) | 200 OK [http://localhost/articles]


Processing ArticlesController#index (for ::1 at 2009-11-16 23:00:03) [GET]
  [4;36;1mArticle Load (0.5ms)[0m   [0;1mSELECT * FROM "articles" [0m
Rendering template within layouts/application
Rendering articles/index
Completed in 14ms (View: 10, DB: 0) | 200 OK [http://localhost/articles]


Processing ArticlesController#index (for ::1 at 2009-11-16 23:00:18) [GET]
  [4;35;1mArticle Load (0.5ms)[0m   [0mSELECT * FROM "articles" [0m
Rendering template within layouts/application
Rendering articles/index
Completed in 14ms (View: 10, DB: 0) | 200 OK [http://localhost/articles]


Processing ArticlesController#index (for ::1 at 2009-11-16 23:00:34) [GET]
  [4;36;1mArticle Load (0.5ms)[0m   [0;1mSELECT * FROM "articles" [0m
Rendering template within layouts/application
Rendering articles/index
Completed in 53ms (View: 49, DB: 0) | 200 OK [http://localhost/articles]


Processing ArticlesController#index (for ::1 at 2009-11-16 23:00:35) [GET]
  [4;35;1mArticle Load (0.5ms)[0m   [0mSELECT * FROM "articles" [0m
Rendering template within layouts/application
Rendering articles/index
Completed in 14ms (View: 10, DB: 0) | 200 OK [http://localhost/articles]


Processing ArticlesController#index (for ::1 at 2009-11-16 23:00:35) [GET]
  [4;36;1mArticle Load (0.5ms)[0m   [0;1mSELECT * FROM "articles" [0m
Rendering template within layouts/application
Rendering articles/index
Completed in 13ms (View: 9, DB: 0) | 200 OK [http://localhost/articles]


Processing ArticlesController#index (for ::1 at 2009-11-16 23:00:35) [GET]
  [4;35;1mArticle Load (0.5ms)[0m   [0mSELECT * FROM "articles" [0m
Rendering template within layouts/application
Rendering articles/index
Completed in 13ms (View: 9, DB: 0) | 200 OK [http://localhost/articles]


Processing ArticlesController#index (for ::1 at 2009-11-16 23:00:51) [GET]
  [4;36;1mArticle Load (0.5ms)[0m   [0;1mSELECT * FROM "articles" [0m
Rendering template within layouts/application
Rendering articles/index
Completed in 14ms (View: 10, DB: 0) | 200 OK [http://localhost/articles]


Processing ArticlesController#index (for ::1 at 2009-11-16 23:01:15) [GET]
  [4;35;1mArticle Load (0.5ms)[0m   [0mSELECT * FROM "articles" [0m
Rendering template within layouts/application
Rendering articles/index
Completed in 18ms (View: 13, DB: 0) | 200 OK [http://localhost/articles]


Processing ArticlesController#index (for ::1 at 2009-11-16 23:01:31) [GET]
  [4;36;1mArticle Load (0.5ms)[0m   [0;1mSELECT * FROM "articles" [0m
Rendering template within layouts/application
Rendering articles/index
Completed in 17ms (View: 13, DB: 0) | 200 OK [http://localhost/articles]


Processing ArticlesController#index (for ::1 at 2009-11-16 23:03:01) [GET]
  [4;35;1mArticle Load (0.4ms)[0m   [0mSELECT * FROM "articles" [0m
Rendering template within layouts/application
Rendering articles/index
Completed in 14ms (View: 10, DB: 0) | 200 OK [http://localhost/articles]


Processing ArticlesController#index (for ::1 at 2009-11-16 23:03:02) [GET]
  [4;36;1mArticle Load (0.5ms)[0m   [0;1mSELECT * FROM "articles" [0m
Rendering template within layouts/application
Rendering articles/index
Completed in 14ms (View: 10, DB: 0) | 200 OK [http://localhost/articles]


Processing ArticlesController#index (for ::1 at 2009-11-16 23:03:02) [GET]
  [4;35;1mArticle Load (0.6ms)[0m   [0mSELECT * FROM "articles" [0m
Rendering template within layouts/application
Rendering articles/index
Completed in 14ms (View: 10, DB: 1) | 200 OK [http://localhost/articles]


Processing ArticlesController#index (for ::1 at 2009-11-16 23:03:02) [GET]
  [4;36;1mArticle Load (0.5ms)[0m   [0;1mSELECT * FROM "articles" [0m
Rendering template within layouts/application
Rendering articles/index
Completed in 13ms (View: 9, DB: 0) | 200 OK [http://localhost/articles]


Processing ArticlesController#index (for ::1 at 2009-11-16 23:03:03) [GET]
  [4;35;1mArticle Load (0.4ms)[0m   [0mSELECT * FROM "articles" [0m
Rendering template within layouts/application
Rendering articles/index
Completed in 51ms (View: 47, DB: 0) | 200 OK [http://localhost/articles]
